2021-07-18 14:44:06.640  INFO 17956 --- [  restartedMain] com.iwaodev.Application                  : Starting Application using Java 11.0.5 on sts-XPS-8900 with PID 17956 (/home/sts/Documents/Workspace/Jobs/e-commerce-starter-kits/api/target/classes started by sts in /home/sts/Documents/Workspace/Jobs/e-commerce-starter-kits/api)
2021-07-18 14:44:06.667  INFO 17956 --- [  restartedMain] com.iwaodev.Application                  : The following profiles are active: integ
2021-07-18 14:44:06.784  INFO 17956 --- [  restartedMain] o.s.b.devtools.restart.ChangeableUrls    : The Class-Path manifest attribute in /home/sts/.m2/repository/org/glassfish/jaxb/jaxb-xjc/2.3.2/jaxb-xjc-2.3.2.jar referenced one or more files that do not exist: file:/home/sts/.m2/repository/org/glassfish/jaxb/jaxb-xjc/2.3.2/jaxb-runtime-2.3.2.jar,file:/home/sts/.m2/repository/org/glassfish/jaxb/jaxb-xjc/2.3.2/jakarta.xml.bind-api-2.3.2.jar,file:/home/sts/.m2/repository/org/glassfish/jaxb/jaxb-xjc/2.3.2/txw2-2.3.2.jar,file:/home/sts/.m2/repository/org/glassfish/jaxb/jaxb-xjc/2.3.2/stax-ex-1.8.1.jar,file:/home/sts/.m2/repository/org/glassfish/jaxb/jaxb-xjc/2.3.2/FastInfoset-1.2.16.jar,file:/home/sts/.m2/repository/org/glassfish/jaxb/jaxb-xjc/2.3.2/jakarta.activation-api-1.2.1.jar,file:/home/sts/.m2/repository/org/glassfish/jaxb/jaxb-xjc/2.3.2/xsom-2.3.2.jar,file:/home/sts/.m2/repository/org/glassfish/jaxb/jaxb-xjc/2.3.2/codemodel-2.3.2.jar,file:/home/sts/.m2/repository/org/glassfish/jaxb/jaxb-xjc/2.3.2/rngom-2.3.2.jar,file:/home/sts/.m2/repository/org/glassfish/jaxb/jaxb-xjc/2.3.2/dtd-parser-1.4.1.jar,file:/home/sts/.m2/repository/org/glassfish/jaxb/jaxb-xjc/2.3.2/istack-commons-tools-3.0.8.jar,file:/home/sts/.m2/repository/org/glassfish/jaxb/jaxb-xjc/2.3.2/istack-commons-runtime-3.0.8.jar,file:/home/sts/.m2/repository/org/glassfish/jaxb/jaxb-xjc/2.3.2/relaxng-datatype-2.3.2.jar
2021-07-18 14:44:06.784  INFO 17956 --- [  restartedMain] o.s.b.devtools.restart.ChangeableUrls    : The Class-Path manifest attribute in /home/sts/.m2/repository/org/glassfish/jaxb/jaxb-jxc/2.3.2/jaxb-jxc-2.3.2.jar referenced one or more files that do not exist: file:/home/sts/.m2/repository/org/glassfish/jaxb/jaxb-jxc/2.3.2/jaxb-xjc-2.3.2.jar,file:/home/sts/.m2/repository/org/glassfish/jaxb/jaxb-jxc/2.3.2/xsom-2.3.2.jar,file:/home/sts/.m2/repository/org/glassfish/jaxb/jaxb-jxc/2.3.2/codemodel-2.3.2.jar,file:/home/sts/.m2/repository/org/glassfish/jaxb/jaxb-jxc/2.3.2/rngom-2.3.2.jar,file:/home/sts/.m2/repository/org/glassfish/jaxb/jaxb-jxc/2.3.2/dtd-parser-1.4.1.jar,file:/home/sts/.m2/repository/org/glassfish/jaxb/jaxb-jxc/2.3.2/istack-commons-tools-3.0.8.jar,file:/home/sts/.m2/repository/org/glassfish/jaxb/jaxb-jxc/2.3.2/relaxng-datatype-2.3.2.jar,file:/home/sts/.m2/repository/org/glassfish/jaxb/jaxb-jxc/2.3.2/jaxb-runtime-2.3.2.jar,file:/home/sts/.m2/repository/org/glassfish/jaxb/jaxb-jxc/2.3.2/jakarta.xml.bind-api-2.3.2.jar,file:/home/sts/.m2/repository/org/glassfish/jaxb/jaxb-jxc/2.3.2/stax-ex-1.8.1.jar,file:/home/sts/.m2/repository/org/glassfish/jaxb/jaxb-jxc/2.3.2/FastInfoset-1.2.16.jar,file:/home/sts/.m2/repository/org/glassfish/jaxb/jaxb-jxc/2.3.2/jakarta.activation-api-1.2.1.jar,file:/home/sts/.m2/repository/org/glassfish/jaxb/jaxb-jxc/2.3.2/istack-commons-runtime-3.0.8.jar,file:/home/sts/.m2/repository/org/glassfish/jaxb/jaxb-jxc/2.3.2/txw2-2.3.2.jar
2021-07-18 14:44:06.784  INFO 17956 --- [  restartedMain] o.s.b.devtools.restart.ChangeableUrls    : The Class-Path manifest attribute in /home/sts/.m2/repository/org/glassfish/jaxb/jaxb-runtime/2.3.1/jaxb-runtime-2.3.1.jar referenced one or more files that do not exist: file:/home/sts/.m2/repository/org/glassfish/jaxb/jaxb-runtime/2.3.1/jaxb-api-2.3.1.jar,file:/home/sts/.m2/repository/org/glassfish/jaxb/jaxb-runtime/2.3.1/txw2-2.3.1.jar,file:/home/sts/.m2/repository/org/glassfish/jaxb/jaxb-runtime/2.3.1/istack-commons-runtime-3.0.7.jar,file:/home/sts/.m2/repository/org/glassfish/jaxb/jaxb-runtime/2.3.1/stax-ex-1.8.jar,file:/home/sts/.m2/repository/org/glassfish/jaxb/jaxb-runtime/2.3.1/FastInfoset-1.2.15.jar,file:/home/sts/.m2/repository/org/glassfish/jaxb/jaxb-runtime/2.3.1/javax.activation-api-1.2.0.jar
2021-07-18 14:44:06.785  INFO 17956 --- [  restartedMain] .e.DevToolsPropertyDefaultsPostProcessor : Devtools property defaults active! Set 'spring.devtools.add-properties' to 'false' to disable
2021-07-18 14:44:06.785  INFO 17956 --- [  restartedMain] .e.DevToolsPropertyDefaultsPostProcessor : For additional web related logging consider setting the 'logging.level.web' property to 'DEBUG'
2021-07-18 14:44:10.138  INFO 17956 --- [  restartedMain] .s.d.r.c.RepositoryConfigurationDelegate : Bootstrapping Spring Data JPA repositories in DEFAULT mode.
2021-07-18 14:44:10.365  INFO 17956 --- [  restartedMain] .s.d.r.c.RepositoryConfigurationDelegate : Finished Spring Data repository scanning in 212 ms. Found 8 JPA repository interfaces.
2021-07-18 14:44:11.529  INFO 17956 --- [  restartedMain] trationDelegate$BeanPostProcessorChecker : Bean 'org.springframework.security.access.expression.method.DefaultMethodSecurityExpressionHandler@494174cd' of type [org.springframework.security.access.expression.method.DefaultMethodSecurityExpressionHandler] is not eligible for getting processed by all BeanPostProcessors (for example: not eligible for auto-proxying)
2021-07-18 14:44:11.564  INFO 17956 --- [  restartedMain] trationDelegate$BeanPostProcessorChecker : Bean 'methodSecurityMetadataSource' of type [org.springframework.security.access.method.DelegatingMethodSecurityMetadataSource] is not eligible for getting processed by all BeanPostProcessors (for example: not eligible for auto-proxying)
2021-07-18 14:44:12.475  INFO 17956 --- [  restartedMain] o.s.b.w.embedded.tomcat.TomcatWebServer  : Tomcat initialized with port(s): 8080 (http)
2021-07-18 14:44:12.526  INFO 17956 --- [  restartedMain] o.apache.catalina.core.StandardService   : Starting service [Tomcat]
2021-07-18 14:44:12.526  INFO 17956 --- [  restartedMain] org.apache.catalina.core.StandardEngine  : Starting Servlet engine: [Apache Tomcat/9.0.46]
2021-07-18 14:44:12.651  INFO 17956 --- [  restartedMain] o.a.c.c.C.[Tomcat].[localhost].[/]       : Initializing Spring embedded WebApplicationContext
2021-07-18 14:44:12.652  INFO 17956 --- [  restartedMain] w.s.c.ServletWebServerApplicationContext : Root WebApplicationContext: initialization completed in 5865 ms
2021-07-18 14:44:12.803  WARN 17956 --- [  restartedMain] JpaBaseConfiguration$JpaWebConfiguration : spring.jpa.open-in-view is enabled by default. Therefore, database queries may be performed during view rendering. Explicitly configure spring.jpa.open-in-view to disable this warning
2021-07-18 14:44:13.129  INFO 17956 --- [  restartedMain] com.zaxxer.hikari.HikariDataSource       : HikariPool-1 - Starting...
2021-07-18 14:44:13.152  WARN 17956 --- [  restartedMain] com.zaxxer.hikari.util.DriverDataSource  : Registered driver with driverClassName=com.mysql.jdbc.Driver was not found, trying direct instantiation.
2021-07-18 14:44:14.828  INFO 17956 --- [  restartedMain] com.zaxxer.hikari.HikariDataSource       : HikariPool-1 - Start completed.
2021-07-18 14:44:14.949  INFO 17956 --- [  restartedMain] o.f.c.internal.license.VersionPrinter    : Flyway Community Edition 7.11.0 by Redgate
2021-07-18 14:44:14.956  INFO 17956 --- [  restartedMain] o.f.c.i.database.base.BaseDatabaseType   : Database: jdbc:mysql://localhost:3307/ec-schema (MySQL 5.7)
2021-07-18 14:44:15.292  INFO 17956 --- [  restartedMain] o.f.core.internal.command.DbValidate     : Successfully validated 7 migrations (execution time 00:00.043s)
2021-07-18 14:44:15.925  INFO 17956 --- [  restartedMain] o.f.c.i.s.JdbcTableSchemaHistory         : Creating Schema History table `ec-schema`.`flyway_schema_history` ...
2021-07-18 14:44:16.865  INFO 17956 --- [  restartedMain] o.f.core.internal.command.DbMigrate      : Current version of schema `ec-schema`: << Empty Schema >>
2021-07-18 14:44:16.961  INFO 17956 --- [  restartedMain] o.f.core.internal.command.DbMigrate      : Migrating schema `ec-schema` to version "1.0.0 - init"
2021-07-18 14:44:17.016  WARN 17956 --- [  restartedMain] o.f.c.i.s.DefaultSqlScriptExecutor       : DB: Can't create database 'ec-schema'; database exists (SQL State: HY000 - Error Code: 1007)
2021-07-18 14:44:26.166  INFO 17956 --- [  restartedMain] o.f.core.internal.command.DbMigrate      : Migrating schema `ec-schema` to version "1.0.1 - insert test data"
2021-07-18 14:44:27.886  INFO 17956 --- [  restartedMain] o.f.core.internal.command.DbMigrate      : Migrating schema `ec-schema` to version "1.0.2 - DDL add product weight column on order details table"
2021-07-18 14:44:28.963  INFO 17956 --- [  restartedMain] o.f.core.internal.command.DbMigrate      : Migrating schema `ec-schema` to version "1.0.3 - DATA update product weight on existing order details data"
2021-07-18 14:44:29.105  INFO 17956 --- [  restartedMain] o.f.core.internal.command.DbMigrate      : Migrating schema `ec-schema` to version "1.0.4 - DDL alter foreign key constraint on user id on order events table"
2021-07-18 14:44:30.478  INFO 17956 --- [  restartedMain] o.f.core.internal.command.DbMigrate      : Migrating schema `ec-schema` to version "1.0.5 - DDL alter foreign key constraint on user id on orders table"
2021-07-18 14:44:31.447  INFO 17956 --- [  restartedMain] o.f.core.internal.command.DbMigrate      : Migrating schema `ec-schema` to version "1.0.6 - DDL increase varchar length on tables"
2021-07-18 14:44:38.601  INFO 17956 --- [  restartedMain] o.f.core.internal.command.DbMigrate      : Successfully applied 7 migrations to schema `ec-schema`, now at version v1.0.6 (execution time 00:21.783s)
2021-07-18 14:44:38.896  INFO 17956 --- [  restartedMain] o.hibernate.jpa.internal.util.LogHelper  : HHH000204: Processing PersistenceUnitInfo [name: default]
2021-07-18 14:44:39.028  INFO 17956 --- [  restartedMain] org.hibernate.Version                    : HHH000412: Hibernate ORM core version 5.4.32.Final
2021-07-18 14:44:39.302  INFO 17956 --- [  restartedMain] o.hibernate.annotations.common.Version   : HCANN000001: Hibernate Commons Annotations {5.1.2.Final}
2021-07-18 14:44:39.525  INFO 17956 --- [  restartedMain] org.hibernate.dialect.Dialect            : HHH000400: Using dialect: org.hibernate.dialect.H2Dialect
2021-07-18 14:44:39.536  WARN 17956 --- [  restartedMain] org.hibernate.dialect.H2Dialect          : HHH000431: Unable to determine H2 database version, certain features may not work
2021-07-18 14:44:42.431  INFO 17956 --- [  restartedMain] o.h.e.t.j.p.i.JtaPlatformInitiator       : HHH000490: Using JtaPlatform implementation: [org.hibernate.engine.transaction.jta.platform.internal.NoJtaPlatform]
2021-07-18 14:44:42.441  INFO 17956 --- [  restartedMain] j.LocalContainerEntityManagerFactoryBean : Initialized JPA EntityManagerFactory for persistence unit 'default'
2021-07-18 14:44:44.406  INFO 17956 --- [  restartedMain] o.s.boot.web.servlet.RegistrationBean    : Filter jwtCookieRequestFilter was not registered (disabled)
2021-07-18 14:44:45.288  INFO 17956 --- [  restartedMain] com.iwaodev.Application                  : mail service config
2021-07-18 14:44:45.288  INFO 17956 --- [  restartedMain] com.iwaodev.Application                  : smtp name: smtp.gmail.com
2021-07-18 14:44:45.289  INFO 17956 --- [  restartedMain] com.iwaodev.Application                  : is starttls enable: true
2021-07-18 14:44:45.670  INFO 17956 --- [  restartedMain] c.i.infrastructure.aws.s3.S3ServiceImpl  : aws s3 region: us-west-2
2021-07-18 14:44:45.670  INFO 17956 --- [  restartedMain] c.i.infrastructure.aws.s3.S3ServiceImpl  : aws s3 bucket name: bucket.iwaodev.com
2021-07-18 14:44:47.832  INFO 17956 --- [  restartedMain] o.s.s.web.DefaultSecurityFilterChain     : Will secure Ant [pattern='/domain/products/{id}/images/{imageName}', GET] with []
2021-07-18 14:44:47.833  INFO 17956 --- [  restartedMain] o.s.s.web.DefaultSecurityFilterChain     : Will secure Ant [pattern='/domain/users/{id}/avatar-image/{imageName}', GET] with []
2021-07-18 14:44:47.911  INFO 17956 --- [  restartedMain] com.iwaodev.config.SpringSecurityConfig  : cors config:
2021-07-18 14:44:47.911  INFO 17956 --- [  restartedMain] com.iwaodev.config.SpringSecurityConfig  : origin: http://localdev.com:3000
2021-07-18 14:44:47.911  INFO 17956 --- [  restartedMain] com.iwaodev.config.SpringSecurityConfig  : credetials: true
2021-07-18 14:44:47.925  INFO 17956 --- [  restartedMain] o.s.s.web.DefaultSecurityFilterChain     : Will secure any request with [org.springframework.security.web.context.request.async.WebAsyncManagerIntegrationFilter@7c6c573a, org.springframework.security.web.context.SecurityContextPersistenceFilter@fb41c1b, org.springframework.security.web.header.HeaderWriterFilter@dcad7a0, org.springframework.web.filter.CorsFilter@3a2e1a9c, org.springframework.security.web.authentication.logout.LogoutFilter@1f747510, com.iwaodev.config.filter.JwtCookieRequestFilter@d50fde0, com.iwaodev.config.filter.LimitLoginAttemptFilter@294f32b4, org.springframework.security.web.savedrequest.RequestCacheAwareFilter@37d76f5f, org.springframework.security.web.servletapi.SecurityContextHolderAwareRequestFilter@443b321c, org.springframework.security.web.authentication.AnonymousAuthenticationFilter@46bfb369, org.springframework.security.web.session.SessionManagementFilter@75a40bce, org.springframework.security.web.access.ExceptionTranslationFilter@50fb6bf1, org.springframework.security.web.access.intercept.FilterSecurityInterceptor@55a0fb51]
2021-07-18 14:44:48.181 DEBUG 17956 --- [  restartedMain] s.w.s.m.m.a.RequestMappingHandlerAdapter : ControllerAdvice beans: 0 @ModelAttribute, 0 @InitBinder, 1 RequestBodyAdvice, 1 ResponseBodyAdvice
2021-07-18 14:44:48.356 DEBUG 17956 --- [  restartedMain] s.w.s.m.m.a.RequestMappingHandlerMapping : 81 mappings in 'requestMappingHandlerMapping'
2021-07-18 14:44:48.468 DEBUG 17956 --- [  restartedMain] o.s.w.s.handler.SimpleUrlHandlerMapping  : Patterns [/webjars/**, /**] in 'resourceHandlerMapping'
2021-07-18 14:44:48.496 DEBUG 17956 --- [  restartedMain] .m.m.a.ExceptionHandlerExceptionResolver : ControllerAdvice beans: 1 @ExceptionHandler, 1 ResponseBodyAdvice
2021-07-18 14:44:49.493  WARN 17956 --- [  restartedMain] ion$DefaultTemplateResolverConfiguration : Cannot find template location: classpath:/templates/ (please add some templates or check your Thymeleaf configuration)
2021-07-18 14:44:49.588  INFO 17956 --- [  restartedMain] o.s.b.d.a.OptionalLiveReloadServer       : LiveReload server is running on port 35729
2021-07-18 14:44:49.626  INFO 17956 --- [  restartedMain] o.s.b.a.e.web.EndpointLinksResolver      : Exposing 15 endpoint(s) beneath base path '/actuator'
2021-07-18 14:44:49.866  INFO 17956 --- [  restartedMain] o.s.b.w.embedded.tomcat.TomcatWebServer  : Tomcat started on port(s): 8080 (http) with context path ''
2021-07-18 14:44:49.896  INFO 17956 --- [  restartedMain] com.iwaodev.Application                  : Started Application in 44.507 seconds (JVM running for 46.128)
2021-07-18 14:44:50.109 DEBUG 17956 --- [gistrationTask1] o.s.web.client.RestTemplate              : HTTP POST http://localdev.com:8081/instances
2021-07-18 14:44:50.140 DEBUG 17956 --- [gistrationTask1] o.s.web.client.RestTemplate              : Accept=[application/xml, text/xml, application/json, application/*+xml, application/*+json]
2021-07-18 14:44:50.237 DEBUG 17956 --- [gistrationTask1] o.s.web.client.RestTemplate              : Writing [Application(name=spring-boot-application, managementUrl=http://sts-XPS-8900:8080/actuator, healthUrl=http://sts-XPS-8900:8080/actuator/health, serviceUrl=http://sts-XPS-8900:8080/)] as "application/json"
2021-07-18 14:44:50.376  WARN 17956 --- [gistrationTask1] d.c.b.a.c.r.ApplicationRegistrator       : Failed to register application as Application(name=spring-boot-application, managementUrl=http://sts-XPS-8900:8080/actuator, healthUrl=http://sts-XPS-8900:8080/actuator/health, serviceUrl=http://sts-XPS-8900:8080/) at spring-boot-admin ([http://localdev.com:8081/instances]): I/O error on POST request for "http://localdev.com:8081/instances": Connect to localdev.com:8081 [localdev.com/127.0.0.1] failed: Connection refused (Connection refused); nested exception is org.apache.http.conn.HttpHostConnectException: Connect to localdev.com:8081 [localdev.com/127.0.0.1] failed: Connection refused (Connection refused). Further attempts are logged on DEBUG level
2021-07-18 14:45:00.040 DEBUG 17956 --- [gistrationTask1] o.s.web.client.RestTemplate              : HTTP POST http://localdev.com:8081/instances
2021-07-18 14:45:00.042 DEBUG 17956 --- [gistrationTask1] o.s.web.client.RestTemplate              : Accept=[application/xml, text/xml, application/json, application/*+xml, application/*+json]
2021-07-18 14:45:00.042 DEBUG 17956 --- [gistrationTask1] o.s.web.client.RestTemplate              : Writing [Application(name=spring-boot-application, managementUrl=http://sts-XPS-8900:8080/actuator, healthUrl=http://sts-XPS-8900:8080/actuator/health, serviceUrl=http://sts-XPS-8900:8080/)] as "application/json"
2021-07-18 14:45:10.038 DEBUG 17956 --- [gistrationTask1] o.s.web.client.RestTemplate              : HTTP POST http://localdev.com:8081/instances
2021-07-18 14:45:10.039 DEBUG 17956 --- [gistrationTask1] o.s.web.client.RestTemplate              : Accept=[application/xml, text/xml, application/json, application/*+xml, application/*+json]
2021-07-18 14:45:10.039 DEBUG 17956 --- [gistrationTask1] o.s.web.client.RestTemplate              : Writing [Application(name=spring-boot-application, managementUrl=http://sts-XPS-8900:8080/actuator, healthUrl=http://sts-XPS-8900:8080/actuator/health, serviceUrl=http://sts-XPS-8900:8080/)] as "application/json"
2021-07-18 14:45:12.094  INFO 17956 --- [extShutdownHook] j.LocalContainerEntityManagerFactoryBean : Closing JPA EntityManagerFactory for persistence unit 'default'
2021-07-18 14:45:12.134  INFO 17956 --- [extShutdownHook] com.zaxxer.hikari.HikariDataSource       : HikariPool-1 - Shutdown initiated...
2021-07-18 14:45:12.237  INFO 17956 --- [extShutdownHook] com.zaxxer.hikari.HikariDataSource       : HikariPool-1 - Shutdown completed.
